<?xml version="1.0" encoding="UTF-8"?>
<testng-results ignored="0" total="3" passed="3" failed="0" skipped="0">
  <reporter-output>
  </reporter-output>
  <suite started-at="2022-03-27T11:30:16 IST" name="Default suite" finished-at="2022-03-27T11:30:39 IST" duration-ms="22718">
    <groups>
    </groups>
    <test started-at="2022-03-27T11:30:16 IST" name="Default test" finished-at="2022-03-27T11:30:39 IST" duration-ms="22718">
      <class name="ClassRoomSession.CreateIncident">
        <test-method is-config="true" signature="baseclass()[pri:0, instance:ClassRoomSession.CreateIncident@63a12c68]" started-at="2022-03-27T11:30:16 IST" name="baseclass" finished-at="2022-03-27T11:30:17 IST" duration-ms="619" status="PASS">
          <reporter-output>
          </reporter-output>
        </test-method> <!-- baseclass -->
        <test-method is-config="true" signature="postmethod()[pri:0, instance:ClassRoomSession.CreateIncident@63a12c68]" started-at="2022-03-27T11:30:17 IST" name="postmethod" finished-at="2022-03-27T11:30:22 IST" duration-ms="5448" status="PASS">
          <reporter-output>
          </reporter-output>
        </test-method> <!-- postmethod -->
        <test-method signature="delete()[pri:0, instance:ClassRoomSession.CreateIncident@63a12c68]" started-at="2022-03-27T11:30:22 IST" name="delete" finished-at="2022-03-27T11:30:25 IST" duration-ms="3405" status="PASS">
          <reporter-output>
          </reporter-output>
        </test-method> <!-- delete -->
        <test-method is-config="true" signature="baseclass()[pri:0, instance:ClassRoomSession.CreateIncident@63a12c68]" started-at="2022-03-27T11:30:25 IST" name="baseclass" finished-at="2022-03-27T11:30:25 IST" duration-ms="0" status="PASS">
          <reporter-output>
          </reporter-output>
        </test-method> <!-- baseclass -->
        <test-method is-config="true" signature="postmethod()[pri:0, instance:ClassRoomSession.CreateIncident@63a12c68]" started-at="2022-03-27T11:30:25 IST" name="postmethod" finished-at="2022-03-27T11:30:29 IST" duration-ms="3850" status="PASS">
          <reporter-output>
          </reporter-output>
        </test-method> <!-- postmethod -->
        <test-method signature="delete()[pri:0, instance:ClassRoomSession.CreateIncident@63a12c68]" started-at="2022-03-27T11:30:29 IST" name="delete" finished-at="2022-03-27T11:30:32 IST" duration-ms="3136" status="PASS">
          <reporter-output>
          </reporter-output>
        </test-method> <!-- delete -->
        <test-method is-config="true" signature="baseclass()[pri:0, instance:ClassRoomSession.CreateIncident@63a12c68]" started-at="2022-03-27T11:30:32 IST" name="baseclass" finished-at="2022-03-27T11:30:32 IST" duration-ms="1" status="PASS">
          <reporter-output>
          </reporter-output>
        </test-method> <!-- baseclass -->
        <test-method is-config="true" signature="postmethod()[pri:0, instance:ClassRoomSession.CreateIncident@63a12c68]" started-at="2022-03-27T11:30:32 IST" name="postmethod" finished-at="2022-03-27T11:30:36 IST" duration-ms="3190" status="PASS">
          <reporter-output>
          </reporter-output>
        </test-method> <!-- postmethod -->
        <test-method signature="delete()[pri:0, instance:ClassRoomSession.CreateIncident@63a12c68]" started-at="2022-03-27T11:30:36 IST" name="delete" finished-at="2022-03-27T11:30:39 IST" duration-ms="3022" status="PASS">
          <reporter-output>
          </reporter-output>
        </test-method> <!-- delete -->
      </class> <!-- ClassRoomSession.CreateIncident -->
    </test> <!-- Default test -->
  </suite> <!-- Default suite -->
</testng-results>
