<?xml version="1.0" encoding="UTF-8"?>
<!-- Generated by org.testng.reporters.JUnitXMLReporter -->
<testsuite hostname="LAPTOP-FUGSLUJ2" ignored="0" name="Test" tests="3" failures="0" timestamp="2022-08-06T17:04:05 IST" time="16.24" errors="0">
  <testcase name="changeRequest" time="5.269" classname="week3.day1.opps.baseclass.CreateChangeRequest"/>
  <testcase name="putRequest" time="4.135" classname="week3.day1.opps.baseclass.UpdateRequest"/>
  <testcase name="deleteMethod" time="6.344" classname="week3.day1.opps.baseclass.DeleteRequest"/>
</testsuite> <!-- Test -->
