<?xml version="1.0" encoding="UTF-8"?>
<!-- Generated by org.testng.reporters.JUnitXMLReporter -->
<testsuite ignored="0" hostname="LAPTOP-FUGSLUJ2" failures="0" tests="3" name="Test" time="13.628" errors="0" timestamp="2022-03-26T12:50:10 IST">
  <testcase classname="ServiceNowWithBaseClass.CreateChangeRequest" name="createchangerequest" time="5.25"/>
  <testcase classname="ServiceNowWithBaseClass.UpdateChangeRequest" name="updatechangerequest" time="3.824"/>
  <testcase classname="ServiceNowWithBaseClass.DeleteChangeRequest" name="updatechangerequest" time="3.995"/>
</testsuite> <!-- Test -->
