<?xml version="1.0" encoding="UTF-8"?>
<testng-results skipped="0" failed="0" ignored="0" total="1" passed="1">
  <reporter-output>
  </reporter-output>
  <suite name="Default suite" duration-ms="4076" started-at="2022-04-16T19:50:37 IST" finished-at="2022-04-16T19:50:41 IST">
    <groups>
    </groups>
    <test name="Default test" duration-ms="4076" started-at="2022-04-16T19:50:37 IST" finished-at="2022-04-16T19:50:41 IST">
      <class name="contact.CreateContact">
        <test-method status="PASS" signature="baseClass()[pri:0, instance:contact.CreateContact@bdb19]" name="baseClass" is-config="true" duration-ms="412" started-at="2022-04-16T19:50:37 IST" finished-at="2022-04-16T19:50:37 IST">
          <reporter-output>
          </reporter-output>
        </test-method> <!-- baseClass -->
        <test-method status="PASS" signature="getRequest()[pri:0, instance:contact.CreateContact@bdb19]" name="getRequest" duration-ms="3624" started-at="2022-04-16T19:50:37 IST" finished-at="2022-04-16T19:50:41 IST">
          <reporter-output>
          </reporter-output>
        </test-method> <!-- getRequest -->
      </class> <!-- contact.CreateContact -->
    </test> <!-- Default test -->
  </suite> <!-- Default suite -->
</testng-results>
