<?xml version="1.0" encoding="UTF-8"?>
<testng-results skipped="0" failed="0" ignored="0" total="1" passed="1">
  <reporter-output>
  </reporter-output>
  <suite name="Default suite" duration-ms="3558" started-at="2022-09-10T12:51:42 IST" finished-at="2022-09-10T12:51:45 IST">
    <groups>
    </groups>
    <test name="Default test" duration-ms="3558" started-at="2022-09-10T12:51:42 IST" finished-at="2022-09-10T12:51:45 IST">
      <class name="learnfromfailures.Armstrongnumber">
        <test-method status="PASS" signature="ams()[pri:0, instance:learnfromfailures.Armstrongnumber@aa12dd]" name="ams" duration-ms="3505" started-at="2022-09-10T12:51:42 IST" finished-at="2022-09-10T12:51:45 IST">
          <reporter-output>
          </reporter-output>
        </test-method> <!-- ams -->
      </class> <!-- learnfromfailures.Armstrongnumber -->
    </test> <!-- Default test -->
  </suite> <!-- Default suite -->
</testng-results>
