<?xml version="1.0" encoding="UTF-8"?>
<testng-results skipped="1" failed="0" ignored="4" total="7" passed="2">
  <reporter-output>
  </reporter-output>
  <suite name="Default suite" duration-ms="11941" started-at="2022-04-30T18:27:31 IST" finished-at="2022-04-30T18:27:43 IST">
    <groups>
    </groups>
    <test name="Default test" duration-ms="11941" started-at="2022-04-30T18:27:31 IST" finished-at="2022-04-30T18:27:43 IST">
      <class name="tests.rest.TC004_UpdateChangeRequest">
        <test-method status="PASS" signature="beforeSuite()[pri:0, instance:tests.rest.TC004_UpdateChangeRequest@1b7a79b]" name="beforeSuite" is-config="true" duration-ms="838" started-at="2022-04-30T18:27:30 IST" finished-at="2022-04-30T18:27:31 IST">
          <reporter-output>
          </reporter-output>
        </test-method> <!-- beforeSuite -->
        <test-method status="PASS" signature="setValues()[pri:0, instance:tests.rest.TC004_UpdateChangeRequest@1b7a79b]" name="setValues" is-config="true" duration-ms="0" started-at="2022-04-30T18:27:31 IST" finished-at="2022-04-30T18:27:31 IST">
          <reporter-output>
          </reporter-output>
        </test-method> <!-- setValues -->
        <test-method status="PASS" signature="beforeClass()[pri:0, instance:tests.rest.TC004_UpdateChangeRequest@1b7a79b]" name="beforeClass" is-config="true" duration-ms="0" started-at="2022-04-30T18:27:38 IST" finished-at="2022-04-30T18:27:38 IST">
          <reporter-output>
          </reporter-output>
        </test-method> <!-- beforeClass -->
        <test-method status="PASS" signature="beforeMethod()[pri:0, instance:tests.rest.TC004_UpdateChangeRequest@1b7a79b]" name="beforeMethod" is-config="true" duration-ms="1" started-at="2022-04-30T18:27:38 IST" finished-at="2022-04-30T18:27:38 IST">
          <reporter-output>
          </reporter-output>
        </test-method> <!-- beforeMethod -->
        <test-method status="PASS" signature="updateCR(java.io.File)[pri:0, instance:tests.rest.TC004_UpdateChangeRequest@1b7a79b]" name="updateCR" duration-ms="4842" started-at="2022-04-30T18:27:38 IST" data-provider="fetchData" depends-on-methods="tests.rest.TC003_CreateChangeRequest.createCR" finished-at="2022-04-30T18:27:43 IST">
          <params>
            <param index="0">
              <value>
                <![CDATA[.\data\TC004.JSON]]>
              </value>
            </param>
          </params>
          <reporter-output>
          </reporter-output>
        </test-method> <!-- updateCR -->
        <test-method status="PASS" signature="afterMethod()[pri:0, instance:tests.rest.TC004_UpdateChangeRequest@1b7a79b]" name="afterMethod" is-config="true" duration-ms="0" started-at="2022-04-30T18:27:43 IST" finished-at="2022-04-30T18:27:43 IST">
          <reporter-output>
          </reporter-output>
        </test-method> <!-- afterMethod -->
        <test-method status="PASS" signature="afterSuite()[pri:0, instance:tests.rest.TC004_UpdateChangeRequest@1b7a79b]" name="afterSuite" is-config="true" duration-ms="312" started-at="2022-04-30T18:27:43 IST" finished-at="2022-04-30T18:27:43 IST">
          <reporter-output>
          </reporter-output>
        </test-method> <!-- afterSuite -->
      </class> <!-- tests.rest.TC004_UpdateChangeRequest -->
      <class name="tests.rest.TC003_CreateChangeRequest">
        <test-method status="PASS" signature="setValues()[pri:0, instance:tests.rest.TC003_CreateChangeRequest@950e31]" name="setValues" is-config="true" duration-ms="0" started-at="2022-04-30T18:27:31 IST" finished-at="2022-04-30T18:27:31 IST">
          <reporter-output>
          </reporter-output>
        </test-method> <!-- setValues -->
        <test-method status="PASS" signature="beforeClass()[pri:0, instance:tests.rest.TC003_CreateChangeRequest@950e31]" name="beforeClass" is-config="true" duration-ms="1" started-at="2022-04-30T18:27:31 IST" finished-at="2022-04-30T18:27:31 IST">
          <reporter-output>
          </reporter-output>
        </test-method> <!-- beforeClass -->
        <test-method status="PASS" signature="beforeMethod()[pri:0, instance:tests.rest.TC003_CreateChangeRequest@950e31]" name="beforeMethod" is-config="true" duration-ms="4" started-at="2022-04-30T18:27:31 IST" finished-at="2022-04-30T18:27:31 IST">
          <reporter-output>
          </reporter-output>
        </test-method> <!-- beforeMethod -->
        <test-method status="PASS" signature="createCR(java.io.File)[pri:0, instance:tests.rest.TC003_CreateChangeRequest@950e31]" name="createCR" duration-ms="7049" started-at="2022-04-30T18:27:31 IST" data-provider="fetchData" finished-at="2022-04-30T18:27:38 IST">
          <params>
            <param index="0">
              <value>
                <![CDATA[.\data\TC003.JSON]]>
              </value>
            </param>
          </params>
          <reporter-output>
          </reporter-output>
        </test-method> <!-- createCR -->
        <test-method status="PASS" signature="afterMethod()[pri:0, instance:tests.rest.TC003_CreateChangeRequest@950e31]" name="afterMethod" is-config="true" duration-ms="0" started-at="2022-04-30T18:27:38 IST" finished-at="2022-04-30T18:27:38 IST">
          <reporter-output>
          </reporter-output>
        </test-method> <!-- afterMethod -->
      </class> <!-- tests.rest.TC003_CreateChangeRequest -->
      <class name="tests.rest.TC005_DeleteChangeRequest">
        <test-method status="PASS" signature="setValues()[pri:0, instance:tests.rest.TC005_DeleteChangeRequest@17dd107]" name="setValues" is-config="true" duration-ms="0" started-at="2022-04-30T18:27:31 IST" finished-at="2022-04-30T18:27:31 IST">
          <reporter-output>
          </reporter-output>
        </test-method> <!-- setValues -->
        <test-method status="PASS" signature="beforeClass()[pri:0, instance:tests.rest.TC005_DeleteChangeRequest@17dd107]" name="beforeClass" is-config="true" duration-ms="0" started-at="2022-04-30T18:27:43 IST" finished-at="2022-04-30T18:27:43 IST">
          <reporter-output>
          </reporter-output>
        </test-method> <!-- beforeClass -->
        <test-method status="SKIP" signature="deleteCR(java.lang.String)[pri:0, instance:tests.rest.TC005_DeleteChangeRequest@17dd107]" name="deleteCR" duration-ms="0" started-at="2022-04-30T18:27:43 IST" data-provider="fetchData" depends-on-methods="tests.rest.TC004_UpdateChangeRequest.updateCR" finished-at="2022-04-30T18:27:43 IST">
          <exception class="java.lang.RuntimeException">
            <message>
              <![CDATA[java.lang.NullPointerException]]>
            </message>
            <full-stacktrace>
              <![CDATA[java.lang.RuntimeException: java.lang.NullPointerException
at org.testng.internal.MethodInvocationHelper.invokeMethodNoCheckedException(MethodInvocationHelper.java:51)
at org.testng.internal.MethodInvocationHelper.invokeDataProvider(MethodInvocationHelper.java:147)
at org.testng.internal.Parameters.handleParameters(Parameters.java:801)
at org.testng.internal.Parameters.handleParameters(Parameters.java:744)
at org.testng.internal.ParameterHandler.handleParameters(ParameterHandler.java:59)
at org.testng.internal.ParameterHandler.createParameters(ParameterHandler.java:38)
at org.testng.internal.TestInvoker$MethodInvocationAgent.invoke(TestInvoker.java:783)
at org.testng.internal.TestInvoker.invokeTestMethods(TestInvoker.java:146)
at org.testng.internal.TestMethodWorker.invokeTestMethods(TestMethodWorker.java:146)
at org.testng.internal.TestMethodWorker.run(TestMethodWorker.java:128)
at java.util.ArrayList.forEach(ArrayList.java:1259)
at org.testng.TestRunner.privateRun(TestRunner.java:766)
at org.testng.TestRunner.run(TestRunner.java:587)
at org.testng.SuiteRunner.runTest(SuiteRunner.java:384)
at org.testng.SuiteRunner.runSequentially(SuiteRunner.java:378)
at org.testng.SuiteRunner.privateRun(SuiteRunner.java:337)
at org.testng.SuiteRunner.run(SuiteRunner.java:286)
at org.testng.SuiteRunnerWorker.runSuite(SuiteRunnerWorker.java:53)
at org.testng.SuiteRunnerWorker.run(SuiteRunnerWorker.java:96)
at org.testng.TestNG.runSuitesSequentially(TestNG.java:1187)
at org.testng.TestNG.runSuitesLocally(TestNG.java:1109)
at org.testng.TestNG.runSuites(TestNG.java:1039)
at org.testng.TestNG.run(TestNG.java:1007)
at org.testng.remote.AbstractRemoteTestNG.run(AbstractRemoteTestNG.java:115)
at org.testng.remote.RemoteTestNG.initAndRun(RemoteTestNG.java:251)
at org.testng.remote.RemoteTestNG.main(RemoteTestNG.java:77)
Caused by: java.lang.NullPointerException
at lib.rest.PreAndTest.getData(PreAndTest.java:68)
at sun.reflect.NativeMethodAccessorImpl.invoke0(Native Method)
at sun.reflect.NativeMethodAccessorImpl.invoke(NativeMethodAccessorImpl.java:62)
at sun.reflect.DelegatingMethodAccessorImpl.invoke(DelegatingMethodAccessorImpl.java:43)
at java.lang.reflect.Method.invoke(Method.java:498)
at org.testng.internal.MethodInvocationHelper.invokeMethod(MethodInvocationHelper.java:134)
at org.testng.internal.MethodInvocationHelper.invokeMethod(MethodInvocationHelper.java:78)
at org.testng.internal.MethodInvocationHelper.invokeMethodNoCheckedException(MethodInvocationHelper.java:47)
... 25 more
]]>
            </full-stacktrace>
          </exception> <!-- java.lang.RuntimeException -->
          <reporter-output>
          </reporter-output>
        </test-method> <!-- deleteCR -->
      </class> <!-- tests.rest.TC005_DeleteChangeRequest -->
    </test> <!-- Default test -->
  </suite> <!-- Default suite -->
</testng-results>
