<?xml version="1.0" encoding="UTF-8"?>
<!-- Generated by org.testng.reporters.JUnitXMLReporter -->
<testsuite hostname="LAPTOP-FUGSLUJ2" ignored="0" name="Test" tests="3" failures="0" timestamp="2022-07-03T14:37:48 IST" time="53.421" errors="0">
  <testcase name="tc002" time="14.44" classname="com.leaftaps.ui.tests.CreateLead_Positive"/>
  <testcase name="tc002" time="12.149" classname="com.leaftaps.ui.tests.CreateLead_Positive"/>
  <testcase name="tc002" time="12.445" classname="com.leaftaps.ui.tests.CreateLead_Positive"/>
</testsuite> <!-- Test -->
