<?xml version="1.0" encoding="UTF-8"?>
<!-- Generated by org.testng.reporters.JUnitXMLReporter -->
<testsuite hostname="LAPTOP-FUGSLUJ2" ignored="4" name="Default test" tests="3" failures="0" timestamp="2022-04-30T18:27:43 IST" time="11.941" errors="0">
  <testcase name="createCR" time="7.049" classname="tests.rest.TC003_CreateChangeRequest"/>
  <testcase name="updateCR" time="4.842" classname="tests.rest.TC004_UpdateChangeRequest"/>
  <testcase name="deleteCR" time="0.0" classname="tests.rest.TC005_DeleteChangeRequest">
    <skipped/>
  </testcase> <!-- deleteCR -->
  <testcase name="@BeforeSuite beforeSuite" time="0.0" classname="lib.rest.PreAndTest">
    <ignored/>
  </testcase> <!-- @BeforeSuite beforeSuite -->
  <testcase name="@BeforeSuite beforeSuite" time="0.0" classname="lib.rest.PreAndTest">
    <ignored/>
  </testcase> <!-- @BeforeSuite beforeSuite -->
  <testcase name="@AfterSuite afterSuite" time="0.0" classname="lib.rest.PreAndTest">
    <ignored/>
  </testcase> <!-- @AfterSuite afterSuite -->
  <testcase name="@AfterSuite afterSuite" time="0.0" classname="lib.rest.PreAndTest">
    <ignored/>
  </testcase> <!-- @AfterSuite afterSuite -->
</testsuite> <!-- Default test -->
