<?xml version="1.0" encoding="UTF-8"?>
<!-- Generated by org.testng.reporters.JUnitXMLReporter -->
<testsuite hostname="LAPTOP-FUGSLUJ2" ignored="2" name="Test" tests="3" failures="1" timestamp="2022-07-16T18:55:30 IST" time="59.957" errors="0">
  <testcase name="createLeaf" time="0.523" classname="com.leafBot.testcases.TC001_LoginLogOut">
    <failure type="java.lang.NullPointerException">
      <![CDATA[java.lang.NullPointerException
at com.aventstack.extentreports.ExtentTest.log(ExtentTest.java:303)
at com.aventstack.extentreports.ExtentTest.pass(ExtentTest.java:524)
at utils.Reporter.reportStep(Reporter.java:57)
at utils.Reporter.reportStep(Reporter.java:64)
at com.leafBot.selenium.api.base.SeleniumBase.clearAndType(SeleniumBase.java:93)
at com.leafBot.pages.LoginPage.enterUserName(LoginPage.java:23)
at com.leafBot.testcases.TC001_LoginLogOut.createLeaf(TC001_LoginLogOut.java:24)
at java.util.concurrent.ThreadPoolExecutor.runWorker(ThreadPoolExecutor.java:1149)
at java.util.concurrent.ThreadPoolExecutor$Worker.run(ThreadPoolExecutor.java:624)
at java.lang.Thread.run(Thread.java:748)
... Removed 12 stack frames]]>
    </failure>
  </testcase> <!-- createLeaf -->
  <testcase name="createLead" time="26.181" classname="com.leafBot.testcases.TC003_CreateLead"/>
  <testcase name="createLead" time="15.075" classname="com.leafBot.testcases.TC003_CreateLead"/>
  <testcase name="@BeforeSuite startReport" time="0.0" classname="utils.Reporter">
    <ignored/>
  </testcase> <!-- @BeforeSuite startReport -->
  <testcase name="@AfterSuite stopReport" time="0.0" classname="utils.Reporter">
    <ignored/>
  </testcase> <!-- @AfterSuite stopReport -->
</testsuite> <!-- Test -->
