<?xml version="1.0" encoding="UTF-8"?>
<testng-results skipped="0" failed="0" ignored="0" total="1" passed="1">
  <reporter-output>
  </reporter-output>
  <suite name="Default suite" duration-ms="11229" started-at="2022-09-01T22:14:40 IST" finished-at="2022-09-01T22:14:52 IST">
    <groups>
      <group name="cucumber">
        <method signature="AbstractTestNGCucumberTests.runScenario(io.cucumber.testng.PickleWrapper,io.cucumber.testng.FeatureWrapper)[pri:0, instance:com.leaftaps.tests.CreateLogin@b10754]" name="runScenario" class="io.cucumber.testng.AbstractTestNGCucumberTests"/>
      </group> <!-- cucumber -->
    </groups>
    <test name="Default test" duration-ms="11229" started-at="2022-09-01T22:14:40 IST" finished-at="2022-09-01T22:14:52 IST">
      <class name="com.leaftaps.tests.CreateLogin">
        <test-method status="PASS" signature="startReport()[pri:0, instance:com.leaftaps.tests.CreateLogin@b10754]" name="startReport" is-config="true" duration-ms="186" started-at="2022-09-01T22:14:40 IST" finished-at="2022-09-01T22:14:40 IST">
          <reporter-output>
          </reporter-output>
        </test-method> <!-- startReport -->
        <test-method status="PASS" signature="setUp()[pri:0, instance:com.leaftaps.tests.CreateLogin@b10754]" name="setUp" is-config="true" duration-ms="1" started-at="2022-09-01T22:14:40 IST" finished-at="2022-09-01T22:14:40 IST">
          <reporter-output>
          </reporter-output>
        </test-method> <!-- setUp -->
        <test-method status="PASS" signature="setUpClass()[pri:0, instance:com.leaftaps.tests.CreateLogin@b10754]" name="setUpClass" is-config="true" duration-ms="116" started-at="2022-09-01T22:14:40 IST" finished-at="2022-09-01T22:14:40 IST">
          <reporter-output>
          </reporter-output>
        </test-method> <!-- setUpClass -->
        <test-method status="PASS" signature="reportDetails()[pri:0, instance:com.leaftaps.tests.CreateLogin@b10754]" name="reportDetails" is-config="true" duration-ms="1" started-at="2022-09-01T22:14:40 IST" finished-at="2022-09-01T22:14:40 IST">
          <reporter-output>
          </reporter-output>
        </test-method> <!-- reportDetails -->
        <test-method status="PASS" signature="beforeMethod()[pri:0, instance:com.leaftaps.tests.CreateLogin@b10754]" name="beforeMethod" is-config="true" duration-ms="2832" started-at="2022-09-01T22:14:41 IST" finished-at="2022-09-01T22:14:44 IST">
          <reporter-output>
          </reporter-output>
        </test-method> <!-- beforeMethod -->
        <test-method status="PASS" signature="create(java.lang.String,java.lang.String,java.lang.String)[pri:0, instance:com.leaftaps.tests.CreateLogin@b10754]" name="create" duration-ms="7196" started-at="2022-09-01T22:14:44 IST" data-provider="readData" finished-at="2022-09-01T22:14:51 IST">
          <params>
            <param index="0">
              <value>
                <![CDATA[DemoCSR]]>
              </value>
            </param>
            <param index="1">
              <value>
                <![CDATA[crmsfa]]>
              </value>
            </param>
            <param index="2">
              <value>
                <![CDATA[Arasoa]]>
              </value>
            </param>
          </params>
          <reporter-output>
          </reporter-output>
        </test-method> <!-- create -->
        <test-method status="PASS" signature="tearDown()[pri:0, instance:com.leaftaps.tests.CreateLogin@b10754]" name="tearDown" is-config="true" duration-ms="678" started-at="2022-09-01T22:14:51 IST" finished-at="2022-09-01T22:14:52 IST">
          <reporter-output>
          </reporter-output>
        </test-method> <!-- tearDown -->
        <test-method status="PASS" signature="tearDownClass()[pri:0, instance:com.leaftaps.tests.CreateLogin@b10754]" name="tearDownClass" is-config="true" duration-ms="10" started-at="2022-09-01T22:14:52 IST" finished-at="2022-09-01T22:14:52 IST">
          <reporter-output>
          </reporter-output>
        </test-method> <!-- tearDownClass -->
        <test-method status="PASS" signature="closeReport()[pri:0, instance:com.leaftaps.tests.CreateLogin@b10754]" name="closeReport" is-config="true" duration-ms="187" started-at="2022-09-01T22:14:52 IST" finished-at="2022-09-01T22:14:52 IST">
          <reporter-output>
          </reporter-output>
        </test-method> <!-- closeReport -->
      </class> <!-- com.leaftaps.tests.CreateLogin -->
    </test> <!-- Default test -->
  </suite> <!-- Default suite -->
</testng-results>
