<?xml version="1.0" encoding="UTF-8"?>
<testng-results skipped="0" failed="0" ignored="0" total="1" passed="1">
  <reporter-output>
  </reporter-output>
  <suite name="Default suite" duration-ms="25115" started-at="2022-04-30T12:36:18Z" finished-at="2022-04-30T12:36:43Z">
    <groups>
      <group name="cucumber">
        <method signature="AbstractTestNGCucumberTests.runScenario(io.cucumber.testng.PickleWrapper, io.cucumber.testng.FeatureWrapper)[pri:0, instance:runner.RunTest@272916]" name="runScenario" class="io.cucumber.testng.AbstractTestNGCucumberTests"/>
      </group> <!-- cucumber -->
    </groups>
    <test name="Default test" duration-ms="25115" started-at="2022-04-30T12:36:18Z" finished-at="2022-04-30T12:36:43Z">
      <class name="runner.RunTest">
        <test-method status="PASS" signature="setUpClass()[pri:0, instance:runner.RunTest@272916]" name="setUpClass" is-config="true" duration-ms="519" started-at="2022-04-30T12:36:18Z" finished-at="2022-04-30T12:36:18Z">
          <reporter-output>
          </reporter-output>
        </test-method> <!-- setUpClass -->
        <test-method status="PASS" signature="runScenario(io.cucumber.testng.PickleWrapper, io.cucumber.testng.FeatureWrapper)[pri:0, instance:runner.RunTest@272916]" name="runScenario" duration-ms="24478" started-at="2022-04-30T12:36:18Z" description="Runs Cucumber Scenarios" data-provider="scenarios" finished-at="2022-04-30T12:36:43Z">
          <params>
            <param index="0">
              <value>
                <![CDATA["Update the Change Request"]]>
              </value>
            </param>
            <param index="1">
              <value>
                <![CDATA["Create New Incident"]]>
              </value>
            </param>
          </params>
          <reporter-output>
          </reporter-output>
        </test-method> <!-- runScenario -->
        <test-method status="PASS" signature="tearDownClass()[pri:0, instance:runner.RunTest@272916]" name="tearDownClass" is-config="true" duration-ms="6" started-at="2022-04-30T12:36:43Z" finished-at="2022-04-30T12:36:43Z">
          <reporter-output>
          </reporter-output>
        </test-method> <!-- tearDownClass -->
      </class> <!-- runner.RunTest -->
    </test> <!-- Default test -->
  </suite> <!-- Default suite -->
</testng-results>
