<?xml version="1.0" encoding="UTF-8"?>
<!-- Generated by org.testng.reporters.JUnitXMLReporter -->
<testsuite hostname="LAPTOP-FUGSLUJ2" ignored="0" name="Default test" tests="3" failures="0" timestamp="2022-05-11T16:33:37 IST" time="0.081" errors="0">
  <testcase name="reverseUsingStringBuilder" time="0.014" classname="coding.ReverseString"/>
  <testcase name="reverseUsingCharacter" time="0.003" classname="coding.ReverseString"/>
  <testcase name="reverseUsingCharAt" time="0.002" classname="coding.ReverseString"/>
</testsuite> <!-- Default test -->
