<?xml version="1.0" encoding="UTF-8"?>
<!-- Generated by org.testng.reporters.JUnitXMLReporter -->
<testsuite ignored="0" hostname="LAPTOP-FUGSLUJ2" failures="0" tests="3" name="Default test" time="22.718" errors="0" timestamp="2022-03-27T11:30:39 IST">
  <testcase classname="ClassRoomSession.CreateIncident" name="delete" time="3.405"/>
  <testcase classname="ClassRoomSession.CreateIncident" name="delete" time="3.136"/>
  <testcase classname="ClassRoomSession.CreateIncident" name="delete" time="3.022"/>
</testsuite> <!-- Default test -->
