<?xml version="1.0" encoding="UTF-8"?>
<testng-results skipped="0" failed="0" ignored="0" total="2" passed="2">
  <reporter-output>
  </reporter-output>
  <suite name="Default suite" duration-ms="11975" started-at="2022-08-29T16:14:30 IST" finished-at="2022-08-29T16:14:42 IST">
    <groups>
    </groups>
    <test name="Default test" duration-ms="11975" started-at="2022-08-29T16:14:30 IST" finished-at="2022-08-29T16:14:42 IST">
      <class name="com.leaftaps.ui.testcases.Login">
        <test-method status="PASS" signature="startReport()[pri:0, instance:com.leaftaps.ui.testcases.Login@166ebe0]" name="startReport" is-config="true" duration-ms="207" started-at="2022-08-29T16:14:30 IST" finished-at="2022-08-29T16:14:30 IST">
          <reporter-output>
          </reporter-output>
        </test-method> <!-- startReport -->
        <test-method status="PASS" signature="setValues()[pri:0, instance:com.leaftaps.ui.testcases.Login@166ebe0]" name="setValues" is-config="true" duration-ms="1" started-at="2022-08-29T16:14:30 IST" finished-at="2022-08-29T16:14:30 IST">
          <reporter-output>
          </reporter-output>
        </test-method> <!-- setValues -->
        <test-method status="PASS" signature="testCaseDetails()[pri:0, instance:com.leaftaps.ui.testcases.Login@166ebe0]" name="testCaseDetails" is-config="true" duration-ms="5" started-at="2022-08-29T16:14:30 IST" finished-at="2022-08-29T16:14:30 IST">
          <reporter-output>
          </reporter-output>
        </test-method> <!-- testCaseDetails -->
        <test-method status="PASS" signature="beforeMethod()[pri:0, instance:com.leaftaps.ui.testcases.Login@166ebe0]" name="beforeMethod" is-config="true" duration-ms="5997" started-at="2022-08-29T16:14:31 IST" finished-at="2022-08-29T16:14:37 IST">
          <reporter-output>
          </reporter-output>
        </test-method> <!-- beforeMethod -->
        <test-method status="PASS" signature="loginPage(java.lang.String,java.lang.String)[pri:0, instance:com.leaftaps.ui.testcases.Login@166ebe0]" name="loginPage" duration-ms="1400" started-at="2022-08-29T16:14:37 IST" data-provider="fetchdata" finished-at="2022-08-29T16:14:38 IST">
          <params>
            <param index="0">
              <value>
                <![CDATA[DemoCSR]]>
              </value>
            </param>
            <param index="1">
              <value>
                <![CDATA[crmsfa]]>
              </value>
            </param>
          </params>
          <reporter-output>
          </reporter-output>
        </test-method> <!-- loginPage -->
        <test-method status="PASS" signature="tearDown()[pri:0, instance:com.leaftaps.ui.testcases.Login@166ebe0]" name="tearDown" is-config="true" duration-ms="713" started-at="2022-08-29T16:14:38 IST" finished-at="2022-08-29T16:14:39 IST">
          <reporter-output>
          </reporter-output>
        </test-method> <!-- tearDown -->
        <test-method status="PASS" signature="beforeMethod()[pri:0, instance:com.leaftaps.ui.testcases.Login@166ebe0]" name="beforeMethod" is-config="true" duration-ms="2507" started-at="2022-08-29T16:14:39 IST" finished-at="2022-08-29T16:14:41 IST">
          <reporter-output>
          </reporter-output>
        </test-method> <!-- beforeMethod -->
        <test-method status="PASS" signature="simpleLogin()[pri:0, instance:com.leaftaps.ui.testcases.Login@166ebe0]" name="simpleLogin" duration-ms="8" started-at="2022-08-29T16:14:41 IST" finished-at="2022-08-29T16:14:41 IST">
          <reporter-output>
          </reporter-output>
        </test-method> <!-- simpleLogin -->
        <test-method status="PASS" signature="tearDown()[pri:0, instance:com.leaftaps.ui.testcases.Login@166ebe0]" name="tearDown" is-config="true" duration-ms="676" started-at="2022-08-29T16:14:41 IST" finished-at="2022-08-29T16:14:42 IST">
          <reporter-output>
          </reporter-output>
        </test-method> <!-- tearDown -->
        <test-method status="PASS" signature="closeReport()[pri:0, instance:com.leaftaps.ui.testcases.Login@166ebe0]" name="closeReport" is-config="true" duration-ms="290" started-at="2022-08-29T16:14:42 IST" finished-at="2022-08-29T16:14:42 IST">
          <reporter-output>
          </reporter-output>
        </test-method> <!-- closeReport -->
      </class> <!-- com.leaftaps.ui.testcases.Login -->
    </test> <!-- Default test -->
  </suite> <!-- Default suite -->
</testng-results>
