<?xml version="1.0" encoding="UTF-8"?>
<testng-results skipped="0" failed="1" ignored="2" total="5" passed="2">
  <reporter-output>
  </reporter-output>
  <suite name="Suite" duration-ms="59957" started-at="2022-07-16T18:54:30 IST" finished-at="2022-07-16T18:55:30 IST">
    <groups>
      <group name="cucumber">
        <method signature="AbstractTestNGCucumberTests.runScenario(io.cucumber.testng.PickleWrapper,io.cucumber.testng.FeatureWrapper)[pri:0, instance:com.leafBot.testcases.TC001_LoginLogOut@1881071]" name="runScenario" class="io.cucumber.testng.AbstractTestNGCucumberTests"/>
        <method signature="AbstractTestNGCucumberTests.runScenario(io.cucumber.testng.PickleWrapper,io.cucumber.testng.FeatureWrapper)[pri:0, instance:com.leafBot.testcases.TC003_CreateLead@16e2f39]" name="runScenario" class="io.cucumber.testng.AbstractTestNGCucumberTests"/>
      </group> <!-- cucumber -->
    </groups>
    <test name="Test" duration-ms="59957" started-at="2022-07-16T18:54:30 IST" finished-at="2022-07-16T18:55:30 IST">
      <class name="com.leafBot.testcases.TC001_LoginLogOut">
        <test-method status="PASS" signature="startReport()[pri:0, instance:com.leafBot.testcases.TC001_LoginLogOut@1881071]" name="startReport" is-config="true" duration-ms="166" started-at="2022-07-16T18:54:29 IST" finished-at="2022-07-16T18:54:30 IST">
          <reporter-output>
          </reporter-output>
        </test-method> <!-- startReport -->
        <test-method status="PASS" signature="setValues()[pri:0, instance:com.leafBot.testcases.TC001_LoginLogOut@1881071]" name="setValues" is-config="true" duration-ms="0" started-at="2022-07-16T18:54:30 IST" finished-at="2022-07-16T18:54:30 IST">
          <reporter-output>
          </reporter-output>
        </test-method> <!-- setValues -->
        <test-method status="PASS" signature="setUpClass()[pri:0, instance:com.leafBot.testcases.TC001_LoginLogOut@1881071]" name="setUpClass" is-config="true" duration-ms="318" started-at="2022-07-16T18:54:30 IST" finished-at="2022-07-16T18:54:30 IST">
          <reporter-output>
          </reporter-output>
        </test-method> <!-- setUpClass -->
        <test-method status="PASS" signature="report()[pri:0, instance:com.leafBot.testcases.TC001_LoginLogOut@1881071]" name="report" is-config="true" duration-ms="12" started-at="2022-07-16T18:54:30 IST" finished-at="2022-07-16T18:54:30 IST">
          <reporter-output>
          </reporter-output>
        </test-method> <!-- report -->
        <test-method status="PASS" signature="beforeMethod()[pri:0, instance:com.leafBot.testcases.TC001_LoginLogOut@1881071]" name="beforeMethod" is-config="true" duration-ms="10386" started-at="2022-07-16T18:54:31 IST" finished-at="2022-07-16T18:54:41 IST">
          <reporter-output>
          </reporter-output>
        </test-method> <!-- beforeMethod -->
        <test-method status="FAIL" signature="createLeaf(java.lang.String,java.lang.String)[pri:0, instance:com.leafBot.testcases.TC001_LoginLogOut@1881071]" name="createLeaf" duration-ms="523" started-at="2022-07-16T18:54:41 IST" data-provider="fetchData" finished-at="2022-07-16T18:54:42 IST">
          <params>
            <param index="0">
              <value>
                <![CDATA[DemoCSR]]>
              </value>
            </param>
            <param index="1">
              <value>
                <![CDATA[crmsfa]]>
              </value>
            </param>
          </params>
          <exception class="java.lang.NullPointerException">
            <full-stacktrace>
              <![CDATA[java.lang.NullPointerException
at com.aventstack.extentreports.ExtentTest.log(ExtentTest.java:303)
at com.aventstack.extentreports.ExtentTest.pass(ExtentTest.java:524)
at utils.Reporter.reportStep(Reporter.java:57)
at utils.Reporter.reportStep(Reporter.java:64)
at com.leafBot.selenium.api.base.SeleniumBase.clearAndType(SeleniumBase.java:93)
at com.leafBot.pages.LoginPage.enterUserName(LoginPage.java:23)
at com.leafBot.testcases.TC001_LoginLogOut.createLeaf(TC001_LoginLogOut.java:24)
at sun.reflect.NativeMethodAccessorImpl.invoke0(Native Method)
at sun.reflect.NativeMethodAccessorImpl.invoke(NativeMethodAccessorImpl.java:62)
at sun.reflect.DelegatingMethodAccessorImpl.invoke(DelegatingMethodAccessorImpl.java:43)
at java.lang.reflect.Method.invoke(Method.java:498)
at org.testng.internal.MethodInvocationHelper.invokeMethod(MethodInvocationHelper.java:133)
at org.testng.internal.TestInvoker.invokeMethod(TestInvoker.java:598)
at org.testng.internal.TestInvoker.invokeTestMethod(TestInvoker.java:173)
at org.testng.internal.MethodRunner.runInSequence(MethodRunner.java:46)
at org.testng.internal.TestInvoker$MethodInvocationAgent.invoke(TestInvoker.java:824)
at org.testng.internal.TestInvoker.invokeTestMethods(TestInvoker.java:146)
at org.testng.internal.TestMethodWorker.invokeTestMethods(TestMethodWorker.java:146)
at org.testng.internal.TestMethodWorker.run(TestMethodWorker.java:128)
at java.util.concurrent.ThreadPoolExecutor.runWorker(ThreadPoolExecutor.java:1149)
at java.util.concurrent.ThreadPoolExecutor$Worker.run(ThreadPoolExecutor.java:624)
at java.lang.Thread.run(Thread.java:748)
]]>
            </full-stacktrace>
          </exception> <!-- java.lang.NullPointerException -->
          <reporter-output>
          </reporter-output>
        </test-method> <!-- createLeaf -->
        <test-method status="PASS" signature="afterMethod()[pri:0, instance:com.leafBot.testcases.TC001_LoginLogOut@1881071]" name="afterMethod" is-config="true" duration-ms="4167" started-at="2022-07-16T18:54:42 IST" finished-at="2022-07-16T18:54:46 IST">
          <reporter-output>
          </reporter-output>
        </test-method> <!-- afterMethod -->
        <test-method status="PASS" signature="tearDownClass()[pri:0, instance:com.leafBot.testcases.TC001_LoginLogOut@1881071]" name="tearDownClass" is-config="true" duration-ms="33" started-at="2022-07-16T18:54:46 IST" finished-at="2022-07-16T18:54:46 IST">
          <reporter-output>
          </reporter-output>
        </test-method> <!-- tearDownClass -->
        <test-method status="PASS" signature="stopReport()[pri:0, instance:com.leafBot.testcases.TC001_LoginLogOut@1881071]" name="stopReport" is-config="true" duration-ms="715" started-at="2022-07-16T18:55:30 IST" finished-at="2022-07-16T18:55:30 IST">
          <reporter-output>
          </reporter-output>
        </test-method> <!-- stopReport -->
      </class> <!-- com.leafBot.testcases.TC001_LoginLogOut -->
      <class name="com.leafBot.testcases.TC003_CreateLead">
        <test-method status="PASS" signature="setData()[pri:0, instance:com.leafBot.testcases.TC003_CreateLead@16e2f39]" name="setData" is-config="true" duration-ms="0" started-at="2022-07-16T18:54:30 IST" finished-at="2022-07-16T18:54:30 IST">
          <reporter-output>
          </reporter-output>
        </test-method> <!-- setData -->
        <test-method status="PASS" signature="setUpClass()[pri:0, instance:com.leafBot.testcases.TC003_CreateLead@16e2f39]" name="setUpClass" is-config="true" duration-ms="318" started-at="2022-07-16T18:54:30 IST" finished-at="2022-07-16T18:54:30 IST">
          <reporter-output>
          </reporter-output>
        </test-method> <!-- setUpClass -->
        <test-method status="PASS" signature="report()[pri:0, instance:com.leafBot.testcases.TC003_CreateLead@16e2f39]" name="report" is-config="true" duration-ms="11" started-at="2022-07-16T18:54:30 IST" finished-at="2022-07-16T18:54:30 IST">
          <reporter-output>
          </reporter-output>
        </test-method> <!-- report -->
        <test-method status="PASS" signature="beforeMethod()[pri:0, instance:com.leafBot.testcases.TC003_CreateLead@16e2f39]" name="beforeMethod" is-config="true" duration-ms="10386" started-at="2022-07-16T18:54:31 IST" finished-at="2022-07-16T18:54:41 IST">
          <reporter-output>
          </reporter-output>
        </test-method> <!-- beforeMethod -->
        <test-method status="PASS" signature="createLead(java.lang.String,java.lang.String,java.lang.String,java.lang.String,java.lang.String,java.lang.String)[pri:0, instance:com.leafBot.testcases.TC003_CreateLead@16e2f39]" name="createLead" duration-ms="26181" started-at="2022-07-16T18:54:41 IST" data-provider="fetchData" finished-at="2022-07-16T18:55:07 IST">
          <params>
            <param index="0">
              <value>
                <![CDATA[DemoSalesManager]]>
              </value>
            </param>
            <param index="1">
              <value>
                <![CDATA[crmsfa]]>
              </value>
            </param>
            <param index="2">
              <value>
                <![CDATA[TestLeaf]]>
              </value>
            </param>
            <param index="3">
              <value>
                <![CDATA[Babu]]>
              </value>
            </param>
            <param index="4">
              <value>
                <![CDATA[M]]>
              </value>
            </param>
            <param index="5">
              <value>
                <![CDATA[babu@testleaf.com]]>
              </value>
            </param>
          </params>
          <reporter-output>
          </reporter-output>
        </test-method> <!-- createLead -->
        <test-method status="PASS" signature="afterMethod()[pri:0, instance:com.leafBot.testcases.TC003_CreateLead@16e2f39]" name="afterMethod" is-config="true" duration-ms="4201" started-at="2022-07-16T18:55:07 IST" finished-at="2022-07-16T18:55:12 IST">
          <reporter-output>
          </reporter-output>
        </test-method> <!-- afterMethod -->
        <test-method status="PASS" signature="beforeMethod()[pri:0, instance:com.leafBot.testcases.TC003_CreateLead@16e2f39]" name="beforeMethod" is-config="true" duration-ms="2663" started-at="2022-07-16T18:55:12 IST" finished-at="2022-07-16T18:55:14 IST">
          <reporter-output>
          </reporter-output>
        </test-method> <!-- beforeMethod -->
        <test-method status="PASS" signature="createLead(java.lang.String,java.lang.String,java.lang.String,java.lang.String,java.lang.String,java.lang.String)[pri:0, instance:com.leafBot.testcases.TC003_CreateLead@16e2f39]" name="createLead" duration-ms="15075" started-at="2022-07-16T18:55:14 IST" data-provider="fetchData" finished-at="2022-07-16T18:55:29 IST">
          <params>
            <param index="0">
              <value>
                <![CDATA[DemoSalesManager]]>
              </value>
            </param>
            <param index="1">
              <value>
                <![CDATA[crmsfa]]>
              </value>
            </param>
            <param index="2">
              <value>
                <![CDATA[Qeagle]]>
              </value>
            </param>
            <param index="3">
              <value>
                <![CDATA[Hari]]>
              </value>
            </param>
            <param index="4">
              <value>
                <![CDATA[R]]>
              </value>
            </param>
            <param index="5">
              <value>
                <![CDATA[hari@testleaf.com]]>
              </value>
            </param>
          </params>
          <reporter-output>
          </reporter-output>
        </test-method> <!-- createLead -->
        <test-method status="PASS" signature="afterMethod()[pri:0, instance:com.leafBot.testcases.TC003_CreateLead@16e2f39]" name="afterMethod" is-config="true" duration-ms="142" started-at="2022-07-16T18:55:29 IST" finished-at="2022-07-16T18:55:30 IST">
          <reporter-output>
          </reporter-output>
        </test-method> <!-- afterMethod -->
        <test-method status="PASS" signature="tearDownClass()[pri:0, instance:com.leafBot.testcases.TC003_CreateLead@16e2f39]" name="tearDownClass" is-config="true" duration-ms="2" started-at="2022-07-16T18:55:30 IST" finished-at="2022-07-16T18:55:30 IST">
          <reporter-output>
          </reporter-output>
        </test-method> <!-- tearDownClass -->
      </class> <!-- com.leafBot.testcases.TC003_CreateLead -->
    </test> <!-- Test -->
  </suite> <!-- Suite -->
</testng-results>
